[35m[1mConsolidate compiler generated dependencies of target dronecontroller[0m
[ 25%] [32mBuilding CXX object CMakeFiles/dronecontroller.dir/dronecontroller.cpp.o[0m
[01m[K/home/student/git/TrailBotPro/dronecontroller.cpp:[m[K In constructor â€˜[01m[KDroneController::DroneController()[m[Kâ€™:
[01m[K/home/student/git/TrailBotPro/dronecontroller.cpp:30:3:[m[K [01;31m[Kerror: [m[Kâ€˜[01m[Kmission_target_topic_[m[Kâ€™ was not declared in this scope
   30 |   [01;31m[Kmission_target_topic_[m[K = declare_parameter<std::string>("mission_target_topic", "/mission/target");
      |   [01;31m[K^~~~~~~~~~~~~~~~~~~~~[m[K
[01m[K/home/student/git/TrailBotPro/dronecontroller.cpp:31:3:[m[K [01;31m[Kerror: [m[Kâ€˜[01m[Kstatus_topic_[m[Kâ€™ was not declared in this scope
   31 |   [01;31m[Kstatus_topic_[m[K      = declare_parameter<std::string>("status_topic", "/mission/status");
      |   [01;31m[K^~~~~~~~~~~~~[m[K
[01m[K/home/student/git/TrailBotPro/dronecontroller.cpp:45:3:[m[K [01;31m[Kerror: [m[Kâ€˜[01m[Kpub_status_[m[Kâ€™ was not declared in this scope; did you mean â€˜[01m[Ksi_status[m[Kâ€™?
   45 |   [01;31m[Kpub_status_[m[K = create_publisher<std_msgs::msg::String>(status_topic_, qos);
      |   [01;31m[K^~~~~~~~~~~[m[K
      |   [32m[Ksi_status[m[K
[01m[K/home/student/git/TrailBotPro/dronecontroller.cpp:45:49:[m[K [01;31m[Kerror: [m[Kâ€˜[01m[KString[m[Kâ€™ is not a member of â€˜[01m[Kstd_msgs::msg[m[Kâ€™
   45 |   pub_status_ = create_publisher<std_msgs::msg::[01;31m[KString[m[K>(status_topic_, qos);
      |                                                 [01;31m[K^~~~~~[m[K
[01m[K/home/student/git/TrailBotPro/dronecontroller.cpp:51:3:[m[K [01;31m[Kerror: [m[Kâ€˜[01m[Ksub_target_[m[Kâ€™ was not declared in this scope
   51 |   [01;31m[Ksub_target_[m[K = create_subscription<geometry_msgs::msg::PoseStamped>(
      |   [01;31m[K^~~~~~~~~~~[m[K
[01m[K/home/student/git/TrailBotPro/dronecontroller.cpp:52:63:[m[K [01;31m[Kerror: [m[Kâ€˜[01m[Ktarget_cb[m[Kâ€™ is not a member of â€˜[01m[KDroneController[m[Kâ€™
   52 |       mission_target_topic_, qos, std::bind(&DroneController::[01;31m[Ktarget_cb[m[K, this, _1));
      |                                                               [01;31m[K^~~~~~~~~[m[K
[01m[K/home/student/git/TrailBotPro/dronecontroller.cpp:57:3:[m[K [01;31m[Kerror: [m[Kâ€˜[01m[Khave_target_[m[Kâ€™ was not declared in this scope
   57 |   [01;31m[Khave_target_[m[K = false;
      |   [01;31m[K^~~~~~~~~~~~[m[K
[01m[K/home/student/git/TrailBotPro/dronecontroller.cpp:[m[K At global scope:
[01m[K/home/student/git/TrailBotPro/dronecontroller.cpp:77:6:[m[K [01;31m[Kerror: [m[Kno declaration matches â€˜[01m[Kvoid DroneController::target_cb(geometry_msgs::msg::PoseStamped_<std::allocator<void> >::SharedPtr)[m[Kâ€™
   77 | void [01;31m[KDroneController[m[K::target_cb(const geometry_msgs::msg::PoseStamped::SharedPtr msg) {
      |      [01;31m[K^~~~~~~~~~~~~~~[m[K
[01m[K/home/student/git/TrailBotPro/dronecontroller.cpp:77:6:[m[K [01;36m[Knote: [m[Kno functions named â€˜[01m[Kvoid DroneController::target_cb(geometry_msgs::msg::PoseStamped_<std::allocator<void> >::SharedPtr)[m[Kâ€™
In file included from [01m[K/home/student/git/TrailBotPro/dronecontroller.cpp:1[m[K:
[01m[K/home/student/git/TrailBotPro/dronecontroller.h:10:7:[m[K [01;36m[Knote: [m[Kâ€˜[01m[Kclass DroneController[m[Kâ€™ defined here
   10 | class [01;36m[KDroneController[m[K : public rclcpp::Node {
      |       [01;36m[K^~~~~~~~~~~~~~~[m[K
[01m[K/home/student/git/TrailBotPro/dronecontroller.cpp:[m[K In member function â€˜[01m[Kvoid DroneController::control_tick()[m[Kâ€™:
[01m[K/home/student/git/TrailBotPro/dronecontroller.cpp:101:8:[m[K [01;31m[Kerror: [m[Kâ€˜[01m[Khave_target_[m[Kâ€™ was not declared in this scope
  101 |   if (![01;31m[Khave_target_[m[K) {
      |        [01;31m[K^~~~~~~~~~~~[m[K
[01m[K/home/student/git/TrailBotPro/dronecontroller.cpp:107:15:[m[K [01;31m[Kerror: [m[Kâ€˜[01m[Ktarget_x_[m[Kâ€™ was not declared in this scope
  107 |   double ex = [01;31m[Ktarget_x_[m[K - x_;
      |               [01;31m[K^~~~~~~~~[m[K
[01m[K/home/student/git/TrailBotPro/dronecontroller.cpp:108:15:[m[K [01;31m[Kerror: [m[Kâ€˜[01m[Ktarget_y_[m[Kâ€™ was not declared in this scope
  108 |   double ey = [01;31m[Ktarget_y_[m[K - y_;
      |               [01;31m[K^~~~~~~~~[m[K
[01m[K/home/student/git/TrailBotPro/dronecontroller.cpp:120:22:[m[K [01;31m[Kerror: [m[Kâ€˜[01m[KString[m[Kâ€™ is not a member of â€˜[01m[Kstd_msgs::msg[m[Kâ€™
  120 |       std_msgs::msg::[01;31m[KString[m[K done;
      |                      [01;31m[K^~~~~~[m[K
[01m[K/home/student/git/TrailBotPro/dronecontroller.cpp:121:7:[m[K [01;31m[Kerror: [m[Kâ€˜[01m[Kdone[m[Kâ€™ was not declared in this scope
  121 |       [01;31m[Kdone[m[K.data = "ARRIVED";
      |       [01;31m[K^~~~[m[K
[01m[K/home/student/git/TrailBotPro/dronecontroller.cpp:122:7:[m[K [01;31m[Kerror: [m[Kâ€˜[01m[Kpub_status_[m[Kâ€™ was not declared in this scope; did you mean â€˜[01m[Ksi_status[m[Kâ€™?
  122 |       [01;31m[Kpub_status_[m[K->publish(done);
      |       [01;31m[K^~~~~~~~~~~[m[K
      |       [32m[Ksi_status[m[K
[01m[K/home/student/git/TrailBotPro/dronecontroller.cpp:124:7:[m[K [01;31m[Kerror: [m[Kâ€˜[01m[Khave_target_[m[Kâ€™ was not declared in this scope
  124 |       [01;31m[Khave_target_[m[K = false;
      |       [01;31m[K^~~~~~~~~~~~[m[K
gmake[2]: *** [CMakeFiles/dronecontroller.dir/build.make:76: CMakeFiles/dronecontroller.dir/dronecontroller.cpp.o] Error 1
gmake[1]: *** [CMakeFiles/Makefile2:139: CMakeFiles/dronecontroller.dir/all] Error 2
gmake: *** [Makefile:146: all] Error 2
