[0.017s] Invoking command in '/home/student/git/TrailBotPro/build/41068_ignition_bringup': CMAKE_PREFIX_PATH=${CMAKE_PREFIX_PATH}:/opt/ros/humble /usr/bin/cmake --build /home/student/git/TrailBotPro/build/41068_ignition_bringup -- -j8 -l8
[0.126s] [35m[1mConsolidate compiler generated dependencies of target dronecontroller[0m
[0.202s] [ 25%] [32mBuilding CXX object CMakeFiles/dronecontroller.dir/dronecontroller.cpp.o[0m
[4.344s] [01m[K/home/student/git/TrailBotPro/dronecontroller.cpp:[m[K In constructor â€˜[01m[KDroneController::DroneController()[m[Kâ€™:
[4.345s] [01m[K/home/student/git/TrailBotPro/dronecontroller.cpp:30:3:[m[K [01;31m[Kerror: [m[Kâ€˜[01m[Kmission_target_topic_[m[Kâ€™ was not declared in this scope
[4.345s]    30 |   [01;31m[Kmission_target_topic_[m[K = declare_parameter<std::string>("mission_target_topic", "/mission/target");
[4.345s]       |   [01;31m[K^~~~~~~~~~~~~~~~~~~~~[m[K
[4.356s] [01m[K/home/student/git/TrailBotPro/dronecontroller.cpp:31:3:[m[K [01;31m[Kerror: [m[Kâ€˜[01m[Kstatus_topic_[m[Kâ€™ was not declared in this scope
[4.357s]    31 |   [01;31m[Kstatus_topic_[m[K      = declare_parameter<std::string>("status_topic", "/mission/status");
[4.358s]       |   [01;31m[K^~~~~~~~~~~~~[m[K
[4.378s] [01m[K/home/student/git/TrailBotPro/dronecontroller.cpp:45:3:[m[K [01;31m[Kerror: [m[Kâ€˜[01m[Kpub_status_[m[Kâ€™ was not declared in this scope; did you mean â€˜[01m[Ksi_status[m[Kâ€™?
[4.380s]    45 |   [01;31m[Kpub_status_[m[K = create_publisher<std_msgs::msg::String>(status_topic_, qos);
[4.381s]       |   [01;31m[K^~~~~~~~~~~[m[K
[4.382s]       |   [32m[Ksi_status[m[K
[4.384s] [01m[K/home/student/git/TrailBotPro/dronecontroller.cpp:45:49:[m[K [01;31m[Kerror: [m[Kâ€˜[01m[KString[m[Kâ€™ is not a member of â€˜[01m[Kstd_msgs::msg[m[Kâ€™
[4.385s]    45 |   pub_status_ = create_publisher<std_msgs::msg::[01;31m[KString[m[K>(status_topic_, qos);
[4.385s]       |                                                 [01;31m[K^~~~~~[m[K
[4.413s] [01m[K/home/student/git/TrailBotPro/dronecontroller.cpp:51:3:[m[K [01;31m[Kerror: [m[Kâ€˜[01m[Ksub_target_[m[Kâ€™ was not declared in this scope
[4.415s]    51 |   [01;31m[Ksub_target_[m[K = create_subscription<geometry_msgs::msg::PoseStamped>(
[4.415s]       |   [01;31m[K^~~~~~~~~~~[m[K
[4.415s] [01m[K/home/student/git/TrailBotPro/dronecontroller.cpp:52:63:[m[K [01;31m[Kerror: [m[Kâ€˜[01m[Ktarget_cb[m[Kâ€™ is not a member of â€˜[01m[KDroneController[m[Kâ€™
[4.415s]    52 |       mission_target_topic_, qos, std::bind(&DroneController::[01;31m[Ktarget_cb[m[K, this, _1));
[4.416s]       |                                                               [01;31m[K^~~~~~~~~[m[K
[4.460s] [01m[K/home/student/git/TrailBotPro/dronecontroller.cpp:57:3:[m[K [01;31m[Kerror: [m[Kâ€˜[01m[Khave_target_[m[Kâ€™ was not declared in this scope
[4.460s]    57 |   [01;31m[Khave_target_[m[K = false;
[4.462s]       |   [01;31m[K^~~~~~~~~~~~[m[K
[4.468s] [01m[K/home/student/git/TrailBotPro/dronecontroller.cpp:[m[K At global scope:
[4.469s] [01m[K/home/student/git/TrailBotPro/dronecontroller.cpp:77:6:[m[K [01;31m[Kerror: [m[Kno declaration matches â€˜[01m[Kvoid DroneController::target_cb(geometry_msgs::msg::PoseStamped_<std::allocator<void> >::SharedPtr)[m[Kâ€™
[4.469s]    77 | void [01;31m[KDroneController[m[K::target_cb(const geometry_msgs::msg::PoseStamped::SharedPtr msg) {
[4.469s]       |      [01;31m[K^~~~~~~~~~~~~~~[m[K
[4.469s] [01m[K/home/student/git/TrailBotPro/dronecontroller.cpp:77:6:[m[K [01;36m[Knote: [m[Kno functions named â€˜[01m[Kvoid DroneController::target_cb(geometry_msgs::msg::PoseStamped_<std::allocator<void> >::SharedPtr)[m[Kâ€™
[4.470s] In file included from [01m[K/home/student/git/TrailBotPro/dronecontroller.cpp:1[m[K:
[4.470s] [01m[K/home/student/git/TrailBotPro/dronecontroller.h:10:7:[m[K [01;36m[Knote: [m[Kâ€˜[01m[Kclass DroneController[m[Kâ€™ defined here
[4.470s]    10 | class [01;36m[KDroneController[m[K : public rclcpp::Node {
[4.470s]       |       [01;36m[K^~~~~~~~~~~~~~~[m[K
[4.486s] [01m[K/home/student/git/TrailBotPro/dronecontroller.cpp:[m[K In member function â€˜[01m[Kvoid DroneController::control_tick()[m[Kâ€™:
[4.486s] [01m[K/home/student/git/TrailBotPro/dronecontroller.cpp:101:8:[m[K [01;31m[Kerror: [m[Kâ€˜[01m[Khave_target_[m[Kâ€™ was not declared in this scope
[4.486s]   101 |   if (![01;31m[Khave_target_[m[K) {
[4.486s]       |        [01;31m[K^~~~~~~~~~~~[m[K
[4.494s] [01m[K/home/student/git/TrailBotPro/dronecontroller.cpp:107:15:[m[K [01;31m[Kerror: [m[Kâ€˜[01m[Ktarget_x_[m[Kâ€™ was not declared in this scope
[4.494s]   107 |   double ex = [01;31m[Ktarget_x_[m[K - x_;
[4.494s]       |               [01;31m[K^~~~~~~~~[m[K
[4.510s] [01m[K/home/student/git/TrailBotPro/dronecontroller.cpp:108:15:[m[K [01;31m[Kerror: [m[Kâ€˜[01m[Ktarget_y_[m[Kâ€™ was not declared in this scope
[4.511s]   108 |   double ey = [01;31m[Ktarget_y_[m[K - y_;
[4.511s]       |               [01;31m[K^~~~~~~~~[m[K
[4.511s] [01m[K/home/student/git/TrailBotPro/dronecontroller.cpp:120:22:[m[K [01;31m[Kerror: [m[Kâ€˜[01m[KString[m[Kâ€™ is not a member of â€˜[01m[Kstd_msgs::msg[m[Kâ€™
[4.511s]   120 |       std_msgs::msg::[01;31m[KString[m[K done;
[4.511s]       |                      [01;31m[K^~~~~~[m[K
[4.520s] [01m[K/home/student/git/TrailBotPro/dronecontroller.cpp:121:7:[m[K [01;31m[Kerror: [m[Kâ€˜[01m[Kdone[m[Kâ€™ was not declared in this scope
[4.520s]   121 |       [01;31m[Kdone[m[K.data = "ARRIVED";
[4.520s]       |       [01;31m[K^~~~[m[K
[4.532s] [01m[K/home/student/git/TrailBotPro/dronecontroller.cpp:122:7:[m[K [01;31m[Kerror: [m[Kâ€˜[01m[Kpub_status_[m[Kâ€™ was not declared in this scope; did you mean â€˜[01m[Ksi_status[m[Kâ€™?
[4.532s]   122 |       [01;31m[Kpub_status_[m[K->publish(done);
[4.533s]       |       [01;31m[K^~~~~~~~~~~[m[K
[4.533s]       |       [32m[Ksi_status[m[K
[4.546s] [01m[K/home/student/git/TrailBotPro/dronecontroller.cpp:124:7:[m[K [01;31m[Kerror: [m[Kâ€˜[01m[Khave_target_[m[Kâ€™ was not declared in this scope
[4.547s]   124 |       [01;31m[Khave_target_[m[K = false;
[4.547s]       |       [01;31m[K^~~~~~~~~~~~[m[K
[9.270s] gmake[2]: *** [CMakeFiles/dronecontroller.dir/build.make:76: CMakeFiles/dronecontroller.dir/dronecontroller.cpp.o] Error 1
[9.270s] gmake[1]: *** [CMakeFiles/Makefile2:139: CMakeFiles/dronecontroller.dir/all] Error 2
[9.270s] gmake: *** [Makefile:146: all] Error 2
[9.272s] Invoked command in '/home/student/git/TrailBotPro/build/41068_ignition_bringup' returned '2': CMAKE_PREFIX_PATH=${CMAKE_PREFIX_PATH}:/opt/ros/humble /usr/bin/cmake --build /home/student/git/TrailBotPro/build/41068_ignition_bringup -- -j8 -l8
