<?xml version="1.0" encoding="UTF-8"?>
<Site BuildName="(empty)"
	BuildStamp="20251027-1027-Experimental"
	Name="Liam-Laptop"
	Generator="ctest-3.22.1"
	CompilerName="/usr/bin/c++"
	CompilerVersion="11.4.0"
	OSName="Linux"
	Hostname="Liam-Laptop"
	OSRelease="6.6.87.2-microsoft-standard-WSL2"
	OSVersion="#1 SMP PREEMPT_DYNAMIC Thu Jun  5 18:30:46 UTC 2025"
	OSPlatform="x86_64"
	Is64Bits="1"
	VendorString="AuthenticAMD"
	VendorID="Advanced Micro Devices"
	FamilyID="25"
	ModelID="68"
	ProcessorCacheSize="512"
	NumberOfLogicalCPU="12"
	NumberOfPhysicalCPU="6"
	TotalVirtualMemory="2048"
	TotalPhysicalMemory="7593"
	LogicalProcessorsPerPhysical="2"
	ProcessorClockFrequency="2894.49"
	>
	<Testing>
		<StartDateTime>Oct 27 21:27 AEDT</StartDateTime>
		<StartTestTime>1761560860</StartTestTime>
		<TestList/>
		<EndDateTime>Oct 27 21:27 AEDT</EndDateTime>
		<EndTestTime>1761560860</EndTestTime>
		<ElapsedMinutes>0</ElapsedMinutes>
	</Testing>
</Site>
