<?xml version="1.0" encoding="UTF-8"?>
<Site BuildName="(empty)"
	BuildStamp="20251006-1127-Experimental"
	Name="labNVXMF8"
	Generator="ctest-3.22.1"
	CompilerName="/usr/bin/c++"
	CompilerVersion="11.4.0"
	OSName="Linux"
	Hostname="labNVXMF8"
	OSRelease="6.8.0-1036-azure"
	OSVersion="#42~22.04.1-Ubuntu SMP Fri Sep 12 00:09:41 UTC 2025"
	OSPlatform="x86_64"
	Is64Bits="1"
	VendorString="GenuineIntel"
	VendorID="Intel Corporation"
	FamilyID="6"
	ModelID="85"
	ProcessorCacheSize="36608"
	NumberOfLogicalCPU="8"
	NumberOfPhysicalCPU="4"
	TotalVirtualMemory="0"
	TotalPhysicalMemory="15994"
	LogicalProcessorsPerPhysical="2"
	ProcessorClockFrequency="2593.91"
	>
	<Testing>
		<StartDateTime>Oct 06 12:13 UTC</StartDateTime>
		<StartTestTime>1759752819</StartTestTime>
		<TestList>
			<Test>./xmllint</Test>
		</TestList>
		<Test Status="failed">
			<Name>xmllint</Name>
			<Path>.</Path>
			<FullName>./xmllint</FullName>
			<FullCommandLine>/usr/bin/python3 "-u" "/opt/ros/humble/share/ament_cmake_test/cmake/run_test.py" "/home/student/ros2_ws/src/TrailBotPro/build/test_results/41068_ignition_bringup/xmllint.xunit.xml" "--package-name" "41068_ignition_bringup" "--output-file" "/home/student/ros2_ws/src/TrailBotPro/build/ament_xmllint/xmllint.txt" "--command" "/opt/ros/humble/bin/ament_xmllint" "--xunit-file" "/home/student/ros2_ws/src/TrailBotPro/build/test_results/41068_ignition_bringup/xmllint.xunit.xml"</FullCommandLine>
			<Results>
				<NamedMeasurement type="text/string" name="Exit Code">
					<Value>Failed</Value>
				</NamedMeasurement>
				<NamedMeasurement type="text/string" name="Exit Value">
					<Value>1</Value>
				</NamedMeasurement>
				<NamedMeasurement type="numeric/double" name="Execution Time">
					<Value>1.20528</Value>
				</NamedMeasurement>
				<NamedMeasurement type="numeric/double" name="Processors">
					<Value>1</Value>
				</NamedMeasurement>
				<NamedMeasurement type="text/string" name="Completion Status">
					<Value>Completed</Value>
				</NamedMeasurement>
				<NamedMeasurement type="text/string" name="Command Line">
					<Value>/usr/bin/python3 "-u" "/opt/ros/humble/share/ament_cmake_test/cmake/run_test.py" "/home/student/ros2_ws/src/TrailBotPro/build/test_results/41068_ignition_bringup/xmllint.xunit.xml" "--package-name" "41068_ignition_bringup" "--output-file" "/home/student/ros2_ws/src/TrailBotPro/build/ament_xmllint/xmllint.txt" "--command" "/opt/ros/humble/bin/ament_xmllint" "--xunit-file" "/home/student/ros2_ws/src/TrailBotPro/build/test_results/41068_ignition_bringup/xmllint.xunit.xml"</Value>
				</NamedMeasurement>
				<NamedMeasurement type="text/string" name="Environment">
					<Value>#CTEST_RESOURCE_GROUP_COUNT=</Value>
				</NamedMeasurement>
				<Measurement>
					<Value encoding="base64" compression="gzip">eJy9VNuK2zAQfc9XDIHFDsRWLnsjdPtQaKFvpS19FbI9TsTKkleXJvn7jmXvZrMXGlLokyyN55wzo9HJMrBBc4/O5+1+BVL/NvdSr6E2Splt91WaphG6ohAkbGMaZM6HCrVn1rgF3zrmbMl+WiHVJ+O/WZOsRpABM238g21CUyhkhdRMNJTGd41SUnvIsl3Q0me1VAgnIbMiSFWxTi236ILyjl3OZ9e3XK4JSRrNC0uaQ8sGkjxS5LQbEU6JhSjvIW2M82CxJCoohVKghPMTkg1fOi3jv2ofT4EWhOVy2vXlQ2OqoPAjAQC4vctxJ32qjKg4Jdk9bw0lpUnEyAaMu7tZPl/k88tkCklptDMKuSutbL3rjo4Ik0k6mbyrT8mCtXu/MXqZz2fMSY9ZS5WKNbpj4awRUtNNPxZwcxsL6E6j+FZYhzaPS9pdjKb0Z8TB2ZdshMyc2DHctcJbFFWX/0Qwn11FhojY98cEWyLcASUFL5XLW4sURi51Gzzv42m/nEZ9QHriXV4PvG9gRxk1KQiWmlLkFh9C9wBoa1rUA3W+Rv9j7zw2X6uj5r8hpAdij0AHGYv5dZQxQEdmiz5YDd2eWhUZKTyFSngxBS8bNMGfyXc16yfyGdkDFfq9/zGtg1JPXGdSLBeLSMGpp9Jz3l8qqjrv0Dnl9Z09E/2yn8hHrAM674fyXNU3N73qwyCSrziEX0IF/Gytsek46HtttvG2wO9bXMGFHcPFcXWT0SFlBa9TTjNJJrXzZD3v+Zfb0NS+FxzedmdrySh7YeHDeJWmotf3Krruhk54hN4/IZrviZL/wX0T2Eq/gZrAsIIO4pWy32hlvf/fukZ/AM8HbXo=</Value>
				</Measurement>
			</Results>
			<Labels>
				<Label>linter</Label>
				<Label>xmllint</Label>
			</Labels>
		</Test>
		<EndDateTime>Oct 06 12:13 UTC</EndDateTime>
		<EndTestTime>1759752821</EndTestTime>
		<ElapsedMinutes>0</ElapsedMinutes>
	</Testing>
</Site>
