[0.036s] Invoking command in '/home/student/git/TrailBotPro/build/41068_ignition_bringup': CMAKE_PREFIX_PATH=${CMAKE_PREFIX_PATH}:/opt/ros/humble /usr/bin/cmake --build /home/student/git/TrailBotPro/build/41068_ignition_bringup -- -j8 -l8
[0.138s] [ 50%] Built target dronecontroller
[0.204s] [ 75%] [32mBuilding CXX object CMakeFiles/mission_interface.dir/mission_interface.cpp.o[0m
[4.055s] [01m[K/home/student/git/TrailBotPro/mission_interface.cpp:[m[K In constructor â€˜[01m[KMissionInterface::MissionInterface()[m[Kâ€™:
[4.055s] [01m[K/home/student/git/TrailBotPro/mission_interface.cpp:125:3:[m[K [01;31m[Kerror: [m[Kâ€˜[01m[Ktarget_topic_[m[Kâ€™ was not declared in this scope
[4.055s]   125 |   [01;31m[Ktarget_topic_[m[K = declare_parameter<std::string>("target_topic", "/mission/target");
[4.056s]       |   [01;31m[K^~~~~~~~~~~~~[m[K
[4.072s] [01m[K/home/student/git/TrailBotPro/mission_interface.cpp:126:3:[m[K [01;31m[Kerror: [m[Kâ€˜[01m[Kstatus_topic_[m[Kâ€™ was not declared in this scope
[4.072s]   126 |   [01;31m[Kstatus_topic_[m[K = declare_parameter<std::string>("status_topic", "/mission/status");
[4.073s]       |   [01;31m[K^~~~~~~~~~~~~[m[K
[4.084s] [01m[K/home/student/git/TrailBotPro/mission_interface.cpp:131:3:[m[K [01;31m[Kerror: [m[Kâ€˜[01m[Kwaypoints_[m[Kâ€™ was not declared in this scope
[4.084s]   131 |   [01;31m[Kwaypoints_[m[K = {
[4.084s]       |   [01;31m[K^~~~~~~~~~[m[K
[4.101s] [01m[K/home/student/git/TrailBotPro/mission_interface.cpp:136:3:[m[K [01;31m[Kerror: [m[Kâ€˜[01m[Kcurrent_idx_[m[Kâ€™ was not declared in this scope
[4.101s]   136 |   [01;31m[Kcurrent_idx_[m[K = 0;
[4.101s]       |   [01;31m[K^~~~~~~~~~~~[m[K
[4.113s] [01m[K/home/student/git/TrailBotPro/mission_interface.cpp:141:3:[m[K [01;31m[Kerror: [m[Kâ€˜[01m[Kpub_target_[m[Kâ€™ was not declared in this scope
[4.113s]   141 |   [01;31m[Kpub_target_[m[K = create_publisher<geometry_msgs::msg::PoseStamped>(target_topic_, qos);
[4.113s]       |   [01;31m[K^~~~~~~~~~~[m[K
[4.113s] [01m[K/home/student/git/TrailBotPro/mission_interface.cpp:141:54:[m[K [01;31m[Kerror: [m[Kâ€˜[01m[KPoseStamped[m[Kâ€™ is not a member of â€˜[01m[Kgeometry_msgs::msg[m[Kâ€™
[4.113s]   141 |   pub_target_ = create_publisher<geometry_msgs::msg::[01;31m[KPoseStamped[m[K>(target_topic_, qos);
[4.113s]       |                                                      [01;31m[K^~~~~~~~~~~[m[K
[4.122s] [01m[K/home/student/git/TrailBotPro/mission_interface.cpp:142:3:[m[K [01;31m[Kerror: [m[Kâ€˜[01m[Ksub_status_[m[Kâ€™ was not declared in this scope; did you mean â€˜[01m[Ksi_status[m[Kâ€™?
[4.123s]   142 |   [01;31m[Ksub_status_[m[K = create_subscription<std_msgs::msg::String>(
[4.124s]       |   [01;31m[K^~~~~~~~~~~[m[K
[4.124s]       |   [32m[Ksi_status[m[K
[4.126s] [01m[K/home/student/git/TrailBotPro/mission_interface.cpp:142:52:[m[K [01;31m[Kerror: [m[Kâ€˜[01m[KString[m[Kâ€™ is not a member of â€˜[01m[Kstd_msgs::msg[m[Kâ€™
[4.126s]   142 |   sub_status_ = create_subscription<std_msgs::msg::[01;31m[KString[m[K>(
[4.126s]       |                                                    [01;31m[K^~~~~~[m[K
[4.126s] [01m[K/home/student/git/TrailBotPro/mission_interface.cpp:144:36:[m[K [01;31m[Kerror: [m[Kâ€˜[01m[Kstatus_cb[m[Kâ€™ is not a member of â€˜[01m[KMissionInterface[m[Kâ€™
[4.126s]   144 |       std::bind(&MissionInterface::[01;31m[Kstatus_cb[m[K, this, std::placeholders::_1));
[4.127s]       |                                    [01;31m[K^~~~~~~~~[m[K
[4.131s] [01m[K/home/student/git/TrailBotPro/mission_interface.cpp:145:3:[m[K [01;31m[Kerror: [m[Kâ€˜[01m[Ksub_odom_[m[Kâ€™ was not declared in this scope
[4.133s]   145 |   [01;31m[Ksub_odom_[m[K = create_subscription<nav_msgs::msg::Odometry>(
[4.133s]       |   [01;31m[K^~~~~~~~~[m[K
[4.155s] [01m[K/home/student/git/TrailBotPro/mission_interface.cpp:[m[K At global scope:
[4.156s] [01m[K/home/student/git/TrailBotPro/mission_interface.cpp:159:55:[m[K [01;31m[Kerror: [m[Kâ€˜[01m[KString[m[Kâ€™ in namespace â€˜[01m[Kstd_msgs::msg[m[Kâ€™ does not name a type
[4.156s]   159 | void MissionInterface::status_cb(const std_msgs::msg::[01;31m[KString[m[K::SharedPtr msg)
[4.156s]       |                                                       [01;31m[K^~~~~~[m[K
[4.156s] [01m[K/home/student/git/TrailBotPro/mission_interface.cpp:159:73:[m[K [01;31m[Kerror: [m[Kexpected unqualified-id before â€˜[01m[Kmsg[m[Kâ€™
[4.156s]   159 | MissionInterface::status_cb(const std_msgs::msg::String::SharedPtr [01;31m[Kmsg[m[K)
[4.157s]       |                                                                    [01;31m[K^~~[m[K
[4.157s] 
[4.157s] [01m[K/home/student/git/TrailBotPro/mission_interface.cpp:159:72:[m[K [01;31m[Kerror: [m[Kexpected â€˜[01m[K)[m[Kâ€™ before â€˜[01m[Kmsg[m[Kâ€™
[4.157s]   159 | MissionInterface::status_cb[34m[K([m[Kconst std_msgs::msg::String::SharedPtr[01;31m[K [m[K[32m[Kmsg[m[K)
[4.157s]       |                            [34m[K~[m[K                                      [01;31m[K^[m[K[32m[K~~~[m[K
[4.157s]       |                                                                   [32m[K)[m[K
[4.157s] [01m[K/home/student/git/TrailBotPro/mission_interface.cpp:159:73:[m[K [01;31m[Kerror: [m[Kexpected initializer before â€˜[01m[Kmsg[m[Kâ€™
[4.157s]   159 | MissionInterface::status_cb(const std_msgs::msg::String::SharedPtr [01;31m[Kmsg[m[K)
[4.157s]       |                                                                    [01;31m[K^~~[m[K
[4.157s] 
[4.157s] [01m[K/home/student/git/TrailBotPro/mission_interface.cpp:170:6:[m[K [01;31m[Kerror: [m[Kno declaration matches â€˜[01m[Kvoid MissionInterface::send_target(double, double, double)[m[Kâ€™
[4.158s]   170 | void [01;31m[KMissionInterface[m[K::send_target(double x, double y, double yaw)
[4.158s]       |      [01;31m[K^~~~~~~~~~~~~~~~[m[K
[4.158s] [01m[K/home/student/git/TrailBotPro/mission_interface.cpp:170:6:[m[K [01;36m[Knote: [m[Kno functions named â€˜[01m[Kvoid MissionInterface::send_target(double, double, double)[m[Kâ€™
[4.158s] In file included from [01m[K/home/student/git/TrailBotPro/mission_interface.cpp:113[m[K:
[4.158s] [01m[K/home/student/git/TrailBotPro/mission_interface.h:9:7:[m[K [01;36m[Knote: [m[Kâ€˜[01m[Kclass MissionInterface[m[Kâ€™ defined here
[4.158s]     9 | class [01;36m[KMissionInterface[m[K : public rclcpp::Node {
[4.158s]       |       [01;36m[K^~~~~~~~~~~~~~~~[m[K
[4.169s] [01m[K/home/student/git/TrailBotPro/mission_interface.cpp:[m[K In member function â€˜[01m[Kvoid MissionInterface::tick()[m[Kâ€™:
[4.169s] [01m[K/home/student/git/TrailBotPro/mission_interface.cpp:193:19:[m[K [01;31m[Kerror: [m[Kâ€˜[01m[Kwaypoints_[m[Kâ€™ was not declared in this scope
[4.170s]   193 |       send_target([01;31m[Kwaypoints_[m[K[current_idx_].x, waypoints_[current_idx_].y, waypoints_[current_idx_].yaw);
[4.170s]       |                   [01;31m[K^~~~~~~~~~[m[K
[4.181s] [01m[K/home/student/git/TrailBotPro/mission_interface.cpp:193:30:[m[K [01;31m[Kerror: [m[Kâ€˜[01m[Kcurrent_idx_[m[Kâ€™ was not declared in this scope
[4.181s]   193 |       send_target(waypoints_[[01;31m[Kcurrent_idx_[m[K].x, waypoints_[current_idx_].y, waypoints_[current_idx_].yaw);
[4.181s]       |                              [01;31m[K^~~~~~~~~~~~[m[K
[4.194s] [01m[K/home/student/git/TrailBotPro/mission_interface.cpp:193:7:[m[K [01;31m[Kerror: [m[Kâ€˜[01m[Ksend_target[m[Kâ€™ was not declared in this scope
[4.194s]   193 |       [01;31m[Ksend_target[m[K(waypoints_[current_idx_].x, waypoints_[current_idx_].y, waypoints_[current_idx_].yaw);
[4.194s]       |       [01;31m[K^~~~~~~~~~~[m[K
[4.194s] [01m[K/home/student/git/TrailBotPro/mission_interface.cpp:194:23:[m[K [01;31m[Kerror: [m[Kâ€˜[01m[KWAIT_ARRIVAL[m[Kâ€™ is not a member of â€˜[01m[KMissionInterface::Phase[m[Kâ€™
[4.195s]   194 |       phase_ = Phase::[01;31m[KWAIT_ARRIVAL[m[K;
[4.195s]       |                       [01;31m[K^~~~~~~~~~~~[m[K
[4.195s] [01m[K/home/student/git/TrailBotPro/mission_interface.cpp:197:17:[m[K [01;31m[Kerror: [m[Kâ€˜[01m[KWAIT_ARRIVAL[m[Kâ€™ is not a member of â€˜[01m[KMissionInterface::Phase[m[Kâ€™
[4.195s]   197 |     case Phase::[01;31m[KWAIT_ARRIVAL[m[K:
[4.195s]       |                 [01;31m[K^~~~~~~~~~~~[m[K
[4.200s] [01m[K/home/student/git/TrailBotPro/mission_interface.cpp:210:25:[m[K [01;31m[Kerror: [m[Kâ€˜[01m[KWAIT_ARRIVAL[m[Kâ€™ is not a member of â€˜[01m[KMissionInterface::Phase[m[Kâ€™
[4.200s]   210 |         phase_ = Phase::[01;31m[KWAIT_ARRIVAL[m[K;
[4.200s]       |                         [01;31m[K^~~~~~~~~~~~[m[K
[4.214s] [01m[K/home/student/git/TrailBotPro/mission_interface.cpp:185:10:[m[K [01;35m[Kwarning: [m[Kenumeration value â€˜[01m[KFORWARD[m[Kâ€™ not handled in switch [[01;35m[K]8;;https://gcc.gnu.org/onlinedocs/gcc/Warning-Options.html#index-Wswitch-Wswitch]8;;[m[K]
[4.215s]   185 |   switch [01;35m[K([m[Kphase_)
[4.215s]       |          [01;35m[K^[m[K
[4.215s] [01m[K/home/student/git/TrailBotPro/mission_interface.cpp:185:10:[m[K [01;35m[Kwarning: [m[Kenumeration value â€˜[01m[KREVERSE[m[Kâ€™ not handled in switch [[01;35m[K]8;;https://gcc.gnu.org/onlinedocs/gcc/Warning-Options.html#index-Wswitch-Wswitch]8;;[m[K]
[7.878s] gmake[2]: *** [CMakeFiles/mission_interface.dir/build.make:76: CMakeFiles/mission_interface.dir/mission_interface.cpp.o] Error 1
[7.879s] gmake[1]: *** [CMakeFiles/Makefile2:165: CMakeFiles/mission_interface.dir/all] Error 2
[7.879s] gmake: *** [Makefile:146: all] Error 2
[7.882s] Invoked command in '/home/student/git/TrailBotPro/build/41068_ignition_bringup' returned '2': CMAKE_PREFIX_PATH=${CMAKE_PREFIX_PATH}:/opt/ros/humble /usr/bin/cmake --build /home/student/git/TrailBotPro/build/41068_ignition_bringup -- -j8 -l8
