[0.000000] (-) TimerEvent: {}
[0.000630] (41068_ignition_bringup) JobQueued: {'identifier': '41068_ignition_bringup', 'dependencies': OrderedDict()}
[0.000712] (41068_ignition_bringup) JobStarted: {'identifier': '41068_ignition_bringup'}
[0.009705] (41068_ignition_bringup) JobProgress: {'identifier': '41068_ignition_bringup', 'progress': 'cmake'}
[0.010445] (41068_ignition_bringup) Command: {'cmd': ['/usr/bin/cmake', '/home/student/git/TrailBotPro/ws/src/41068_ignition_bringup', '-DCMAKE_EXPORT_COMPILE_COMMANDS=ON', '-DCMAKE_INSTALL_PREFIX=/home/student/git/TrailBotPro/ws/install/41068_ignition_bringup'], 'cwd': '/home/student/git/TrailBotPro/ws/build/41068_ignition_bringup', 'env': OrderedDict([('PYTHON_BASIC_REPL', '1'), ('LESSOPEN', '| /usr/bin/lesspipe %s'), ('USER', 'student'), ('SSH_AGENT_PID', '2055'), ('XDG_SESSION_TYPE', 'x11'), ('GIT_ASKPASS', '/usr/share/code/resources/app/extensions/git/dist/askpass.sh'), ('SHLVL', '2'), ('LD_LIBRARY_PATH', '/usr/lib/x86_64-linux-gnu/gazebo-11/plugins:/opt/ros/humble/opt/rviz_ogre_vendor/lib:/opt/ros/humble/lib/x86_64-linux-gnu:/opt/ros/humble/lib'), ('HOME', '/home/student'), ('CHROME_DESKTOP', 'code.desktop'), ('OLDPWD', '/home/student/git/TrailBotPro/ws'), ('TERM_PROGRAM_VERSION', '1.104.3'), ('ROS_PYTHON_VERSION', '3'), ('GNOME_SHELL_SESSION_MODE', 'ubuntu'), ('GTK_MODULES', 'gail:atk-bridge'), ('VSCODE_GIT_ASKPASS_MAIN', '/usr/share/code/resources/app/extensions/git/dist/askpass-main.js'), ('VSCODE_GIT_ASKPASS_NODE', '/usr/share/code/code'), ('SYSTEMD_EXEC_PID', '2165'), ('XRDP_PULSE_SOURCE_SOCKET', 'xrdp_chansrv_audio_in_socket_10'), ('VSCODE_PYTHON_AUTOACTIVATE_GUARD', '1'), ('XRDP_PULSE_SINK_SOCKET', 'xrdp_chansrv_audio_out_socket_10'), ('DBUS_SESSION_BUS_ADDRESS', 'unix:path=/run/user/1002/bus'), ('COLORTERM', 'truecolor'), ('PULSE_SCRIPT', '/etc/xrdp/pulse/default.pa'), ('IM_CONFIG_PHASE', '1'), ('COLCON_PREFIX_PATH', '/home/student/robostu_ws/install:/home/student/Desktop/41068_ws/install:/home/student/ros2_ws/install'), ('ROS_DISTRO', 'humble'), ('GTK_IM_MODULE', 'ibus'), ('LOGNAME', 'student'), ('_', '/usr/bin/colcon'), ('ROS_VERSION', '2'), ('XDG_SESSION_CLASS', 'user'), ('TERM', 'xterm-256color'), ('GNOME_DESKTOP_SESSION_ID', 'this-is-deprecated'), ('ROS_LOCALHOST_ONLY', '0'), ('PATH', '/opt/ros/humble/bin:/usr/local/sbin:/usr/local/bin:/usr/sbin:/usr/bin:/sbin:/bin:/usr/games:/usr/local/games:/snap/bin'), ('SESSION_MANAGER', 'local/labNVXMF8:@/tmp/.ICE-unix/2144,unix/labNVXMF8:/tmp/.ICE-unix/2144'), ('XDG_MENU_PREFIX', 'gnome-'), ('XRDP_SOCKET_PATH', '/run/xrdp/sockdir'), ('GNOME_TERMINAL_SCREEN', '/org/gnome/Terminal/screen/69695eed_7bbe_43dd_9cdd_410526c9732d'), ('XDG_RUNTIME_DIR', '/run/user/1002'), ('GDK_BACKEND', 'x11'), ('DISPLAY', ':10.0'), ('LANG', 'C.UTF-8'), ('XDG_CURRENT_DESKTOP', 'Unity'), ('PYTHONSTARTUP', '/home/student/.config/Code/User/workspaceStorage/80bb3647b1db56dac7d435442e56f8d6/ms-python.python/pythonrc.py'), ('XMODIFIERS', '@im=ibus'), ('LS_COLORS', 'rs=0:di=01;34:ln=01;36:mh=00:pi=40;33:so=01;35:do=01;35:bd=40;33;01:cd=40;33;01:or=40;31;01:mi=00:su=37;41:sg=30;43:ca=30;41:tw=30;42:ow=34;42:st=37;44:ex=01;32:*.tar=01;31:*.tgz=01;31:*.arc=01;31:*.arj=01;31:*.taz=01;31:*.lha=01;31:*.lz4=01;31:*.lzh=01;31:*.lzma=01;31:*.tlz=01;31:*.txz=01;31:*.tzo=01;31:*.t7z=01;31:*.zip=01;31:*.z=01;31:*.dz=01;31:*.gz=01;31:*.lrz=01;31:*.lz=01;31:*.lzo=01;31:*.xz=01;31:*.zst=01;31:*.tzst=01;31:*.bz2=01;31:*.bz=01;31:*.tbz=01;31:*.tbz2=01;31:*.tz=01;31:*.deb=01;31:*.rpm=01;31:*.jar=01;31:*.war=01;31:*.ear=01;31:*.sar=01;31:*.rar=01;31:*.alz=01;31:*.ace=01;31:*.zoo=01;31:*.cpio=01;31:*.7z=01;31:*.rz=01;31:*.cab=01;31:*.wim=01;31:*.swm=01;31:*.dwm=01;31:*.esd=01;31:*.jpg=01;35:*.jpeg=01;35:*.mjpg=01;35:*.mjpeg=01;35:*.gif=01;35:*.bmp=01;35:*.pbm=01;35:*.pgm=01;35:*.ppm=01;35:*.tga=01;35:*.xbm=01;35:*.xpm=01;35:*.tif=01;35:*.tiff=01;35:*.png=01;35:*.svg=01;35:*.svgz=01;35:*.mng=01;35:*.pcx=01;35:*.mov=01;35:*.mpg=01;35:*.mpeg=01;35:*.m2v=01;35:*.mkv=01;35:*.webm=01;35:*.webp=01;35:*.ogm=01;35:*.mp4=01;35:*.m4v=01;35:*.mp4v=01;35:*.vob=01;35:*.qt=01;35:*.nuv=01;35:*.wmv=01;35:*.asf=01;35:*.rm=01;35:*.rmvb=01;35:*.flc=01;35:*.avi=01;35:*.fli=01;35:*.flv=01;35:*.gl=01;35:*.dl=01;35:*.xcf=01;35:*.xwd=01;35:*.yuv=01;35:*.cgm=01;35:*.emf=01;35:*.ogv=01;35:*.ogx=01;35:*.aac=00;36:*.au=00;36:*.flac=00;36:*.m4a=00;36:*.mid=00;36:*.midi=00;36:*.mka=00;36:*.mp3=00;36:*.mpc=00;36:*.ogg=00;36:*.ra=00;36:*.wav=00;36:*.oga=00;36:*.opus=00;36:*.spx=00;36:*.xspf=00;36:'), ('VSCODE_GIT_IPC_HANDLE', '/run/user/1002/vscode-git-164de587f7.sock'), ('GNOME_TERMINAL_SERVICE', ':1.89'), ('TERM_PROGRAM', 'vscode'), ('SSH_AUTH_SOCK', '/run/user/1002/keyring/ssh'), ('AMENT_PREFIX_PATH', '/home/student/robostu_ws/install/trailbot_ignition_bringup:/home/student/Desktop/41068_ws/install/41068_ignition_bringup:/opt/ros/humble'), ('ORIGINAL_XDG_CURRENT_DESKTOP', 'ubuntu:GNOME'), ('UID', '1002'), ('SHELL', '/bin/bash'), ('QT_ACCESSIBILITY', '1'), ('LESSCLOSE', '/usr/bin/lesspipe %s %s'), ('XRDP_SESSION', '1'), ('GPG_AGENT_INFO', '/run/user/1002/gnupg/S.gpg-agent:0:1'), ('GAZEBO_RESOURCE_PATH', '/usr/share/gazebo-11/'), ('VSCODE_GIT_ASKPASS_EXTRA_ARGS', ''), ('QT_IM_MODULE', 'ibus'), ('PWD', '/home/student/git/TrailBotPro/ws/build/41068_ignition_bringup'), ('XDG_DATA_DIRS', '/usr/share/gnome:/usr/share/ubuntu:/usr/local/share/:/usr/share/:/var/lib/snapd/desktop'), ('PYTHONPATH', '/opt/ros/humble/lib/python3.10/site-packages:/opt/ros/humble/local/lib/python3.10/dist-packages'), ('SGX_AESM_ADDR', '1'), ('COLCON', '1'), ('VTE_VERSION', '6800'), ('CMAKE_PREFIX_PATH', '/home/student/robostu_ws/install/trailbot_ignition_bringup:/home/student/Desktop/41068_ws/install/41068_ignition_bringup')]), 'shell': False}
[0.078196] (41068_ignition_bringup) StdoutLine: {'line': b'-- The C compiler identification is GNU 11.4.0\n'}
[0.099513] (-) TimerEvent: {}
[0.149470] (41068_ignition_bringup) StdoutLine: {'line': b'-- The CXX compiler identification is GNU 11.4.0\n'}
[0.157579] (41068_ignition_bringup) StdoutLine: {'line': b'-- Detecting C compiler ABI info\n'}
[0.199648] (-) TimerEvent: {}
[0.243228] (41068_ignition_bringup) StdoutLine: {'line': b'-- Detecting C compiler ABI info - done\n'}
[0.251981] (41068_ignition_bringup) StdoutLine: {'line': b'-- Check for working C compiler: /usr/bin/cc - skipped\n'}
[0.252226] (41068_ignition_bringup) StdoutLine: {'line': b'-- Detecting C compile features\n'}
[0.252556] (41068_ignition_bringup) StdoutLine: {'line': b'-- Detecting C compile features - done\n'}
[0.255804] (41068_ignition_bringup) StdoutLine: {'line': b'-- Detecting CXX compiler ABI info\n'}
[0.299738] (-) TimerEvent: {}
[0.348327] (41068_ignition_bringup) StdoutLine: {'line': b'-- Detecting CXX compiler ABI info - done\n'}
[0.356791] (41068_ignition_bringup) StdoutLine: {'line': b'-- Check for working CXX compiler: /usr/bin/c++ - skipped\n'}
[0.357109] (41068_ignition_bringup) StdoutLine: {'line': b'-- Detecting CXX compile features\n'}
[0.357454] (41068_ignition_bringup) StdoutLine: {'line': b'-- Detecting CXX compile features - done\n'}
[0.368434] (41068_ignition_bringup) StdoutLine: {'line': b'-- Found ament_cmake: 1.3.12 (/opt/ros/humble/share/ament_cmake/cmake)\n'}
[0.399876] (-) TimerEvent: {}
[0.500255] (-) TimerEvent: {}
[0.542092] (41068_ignition_bringup) StdoutLine: {'line': b'-- Found Python3: /usr/bin/python3 (found version "3.10.12") found components: Interpreter \n'}
[0.600611] (-) TimerEvent: {}
[0.663563] (41068_ignition_bringup) StdoutLine: {'line': b'-- Found rclcpp: 16.0.15 (/opt/ros/humble/share/rclcpp/cmake)\n'}
[0.700734] (-) TimerEvent: {}
[0.715817] (41068_ignition_bringup) StdoutLine: {'line': b'-- Found rosidl_generator_c: 3.1.7 (/opt/ros/humble/share/rosidl_generator_c/cmake)\n'}
[0.724581] (41068_ignition_bringup) StdoutLine: {'line': b'-- Found rosidl_adapter: 3.1.7 (/opt/ros/humble/share/rosidl_adapter/cmake)\n'}
[0.735354] (41068_ignition_bringup) StdoutLine: {'line': b'-- Found rosidl_generator_cpp: 3.1.7 (/opt/ros/humble/share/rosidl_generator_cpp/cmake)\n'}
[0.751171] (41068_ignition_bringup) StdoutLine: {'line': b'-- Using all available rosidl_typesupport_c: rosidl_typesupport_fastrtps_c;rosidl_typesupport_introspection_c\n'}
[0.770107] (41068_ignition_bringup) StdoutLine: {'line': b'-- Using all available rosidl_typesupport_cpp: rosidl_typesupport_fastrtps_cpp;rosidl_typesupport_introspection_cpp\n'}
[0.800860] (-) TimerEvent: {}
[0.829689] (41068_ignition_bringup) StdoutLine: {'line': b'-- Found rmw_implementation_cmake: 6.1.2 (/opt/ros/humble/share/rmw_implementation_cmake/cmake)\n'}
[0.839730] (41068_ignition_bringup) StdoutLine: {'line': b'-- Found rmw_fastrtps_cpp: 6.2.8 (/opt/ros/humble/share/rmw_fastrtps_cpp/cmake)\n'}
[0.900984] (-) TimerEvent: {}
[0.945518] (41068_ignition_bringup) StdoutLine: {'line': b'-- Found OpenSSL: /usr/lib/x86_64-linux-gnu/libcrypto.so (found version "3.0.2")  \n'}
[0.976675] (41068_ignition_bringup) StdoutLine: {'line': b'-- Found FastRTPS: /opt/ros/humble/include  \n'}
[1.001108] (-) TimerEvent: {}
[1.027952] (41068_ignition_bringup) StdoutLine: {'line': b"-- Using RMW implementation 'rmw_fastrtps_cpp' as default\n"}
[1.039612] (41068_ignition_bringup) StdoutLine: {'line': b'-- Looking for pthread.h\n'}
[1.101231] (-) TimerEvent: {}
[1.124379] (41068_ignition_bringup) StdoutLine: {'line': b'-- Looking for pthread.h - found\n'}
[1.124786] (41068_ignition_bringup) StdoutLine: {'line': b'-- Performing Test CMAKE_HAVE_LIBC_PTHREAD\n'}
[1.201360] (-) TimerEvent: {}
[1.206510] (41068_ignition_bringup) StdoutLine: {'line': b'-- Performing Test CMAKE_HAVE_LIBC_PTHREAD - Success\n'}
[1.207754] (41068_ignition_bringup) StdoutLine: {'line': b'-- Found Threads: TRUE  \n'}
[1.273188] (41068_ignition_bringup) StdoutLine: {'line': b'-- Found sensor_msgs: 4.9.0 (/opt/ros/humble/share/sensor_msgs/cmake)\n'}
[1.301500] (-) TimerEvent: {}
[1.308975] (41068_ignition_bringup) StdoutLine: {'line': b'-- Found visualization_msgs: 4.9.0 (/opt/ros/humble/share/visualization_msgs/cmake)\n'}
[1.340481] (41068_ignition_bringup) StdoutLine: {'line': b'-- Found nav2_msgs: 1.1.18 (/opt/ros/humble/share/nav2_msgs/cmake)\n'}
[1.401687] (-) TimerEvent: {}
[1.417706] (41068_ignition_bringup) StdoutLine: {'line': b'-- Found cv_bridge: 3.2.1 (/opt/ros/humble/share/cv_bridge/cmake)\n'}
[1.435284] (41068_ignition_bringup) StdoutLine: {'line': b'-- Found OpenCV: /usr (found version "4.5.4") \n'}
[1.437405] (41068_ignition_bringup) StdoutLine: {'line': b'-- Found ros_ign_interfaces: 0.244.20 (/opt/ros/humble/share/ros_ign_interfaces/cmake)\n'}
[1.489889] (41068_ignition_bringup) StdoutLine: {'line': b'-- Found ament_lint_auto: 0.12.14 (/opt/ros/humble/share/ament_lint_auto/cmake)\n'}
[1.501714] (-) TimerEvent: {}
[1.549734] (41068_ignition_bringup) StderrLine: {'line': b"Error parsing '/home/student/git/TrailBotPro/ws/src/41068_ignition_bringup/package.xml':\n"}
[1.597670] (41068_ignition_bringup) StderrLine: {'line': b'Traceback (most recent call last):\n'}
[1.598116] (41068_ignition_bringup) StderrLine: {'line': b'  File "/usr/lib/python3/dist-packages/catkin_pkg/package.py", line 610, in parse_package_string\n'}
[1.598229] (41068_ignition_bringup) StderrLine: {'line': b'    root = dom.parseString(data)\n'}
[1.598311] (41068_ignition_bringup) StderrLine: {'line': b'  File "/usr/lib/python3.10/xml/dom/minidom.py", line 2000, in parseString\n'}
[1.598390] (41068_ignition_bringup) StderrLine: {'line': b'    return expatbuilder.parseString(string)\n'}
[1.598467] (41068_ignition_bringup) StderrLine: {'line': b'  File "/usr/lib/python3.10/xml/dom/expatbuilder.py", line 925, in parseString\n'}
[1.598543] (41068_ignition_bringup) StderrLine: {'line': b'    return builder.parseString(string)\n'}
[1.598618] (41068_ignition_bringup) StderrLine: {'line': b'  File "/usr/lib/python3.10/xml/dom/expatbuilder.py", line 223, in parseString\n'}
[1.598735] (41068_ignition_bringup) StderrLine: {'line': b'    parser.Parse(string, True)\n'}
[1.598815] (41068_ignition_bringup) StderrLine: {'line': b'xml.parsers.expat.ExpatError: XML or text declaration not at start of entity: line 34, column 0\n'}
[1.598897] (41068_ignition_bringup) StderrLine: {'line': b'\n'}
[1.598973] (41068_ignition_bringup) StderrLine: {'line': b'During handling of the above exception, another exception occurred:\n'}
[1.599063] (41068_ignition_bringup) StderrLine: {'line': b'\n'}
[1.599142] (41068_ignition_bringup) StderrLine: {'line': b'Traceback (most recent call last):\n'}
[1.599216] (41068_ignition_bringup) StderrLine: {'line': b'  File "/opt/ros/humble/share/ament_cmake_core/cmake/core/package_xml_2_cmake.py", line 150, in <module>\n'}
[1.599292] (41068_ignition_bringup) StderrLine: {'line': b'    main()\n'}
[1.599365] (41068_ignition_bringup) StderrLine: {'line': b'  File "/opt/ros/humble/share/ament_cmake_core/cmake/core/package_xml_2_cmake.py", line 53, in main\n'}
[1.599440] (41068_ignition_bringup) StderrLine: {'line': b'    raise e\n'}
[1.599513] (41068_ignition_bringup) StderrLine: {'line': b'  File "/opt/ros/humble/share/ament_cmake_core/cmake/core/package_xml_2_cmake.py", line 49, in main\n'}
[1.599596] (41068_ignition_bringup) StderrLine: {'line': b'    package = parse_package_string(\n'}
[1.599685] (41068_ignition_bringup) StderrLine: {'line': b'  File "/usr/lib/python3/dist-packages/catkin_pkg/package.py", line 612, in parse_package_string\n'}
[1.599765] (41068_ignition_bringup) StderrLine: {'line': b"    raise InvalidPackage('The manifest contains invalid XML:\\n%s' % ex, filename)\n"}
[1.599841] (41068_ignition_bringup) StderrLine: {'line': b"catkin_pkg.package.InvalidPackage: Error(s) in package '/home/student/git/TrailBotPro/ws/src/41068_ignition_bringup/package.xml':\n"}
[1.599917] (41068_ignition_bringup) StderrLine: {'line': b'The manifest contains invalid XML:\n'}
[1.599991] (41068_ignition_bringup) StderrLine: {'line': b'XML or text declaration not at start of entity: line 34, column 0\n'}
[1.601803] (-) TimerEvent: {}
[1.617909] (41068_ignition_bringup) StderrLine: {'line': b'\x1b[31mCMake Error at /opt/ros/humble/share/ament_cmake_core/cmake/core/ament_package_xml.cmake:95 (message):\n'}
[1.618175] (41068_ignition_bringup) StderrLine: {'line': b'  execute_process(/usr/bin/python3\n'}
[1.618275] (41068_ignition_bringup) StderrLine: {'line': b'  /opt/ros/humble/share/ament_cmake_core/cmake/core/package_xml_2_cmake.py\n'}
[1.618521] (41068_ignition_bringup) StderrLine: {'line': b'  /home/student/git/TrailBotPro/ws/src/41068_ignition_bringup/package.xml\n'}
[1.618693] (41068_ignition_bringup) StderrLine: {'line': b'  /home/student/git/TrailBotPro/ws/build/41068_ignition_bringup/ament_cmake_core/package.cmake)\n'}
[1.618799] (41068_ignition_bringup) StderrLine: {'line': b'  returned error code 1\n'}
[1.618888] (41068_ignition_bringup) StderrLine: {'line': b'Call Stack (most recent call first):\n'}
[1.618974] (41068_ignition_bringup) StderrLine: {'line': b'  /opt/ros/humble/share/ament_cmake_core/cmake/core/ament_package_xml.cmake:49 (_ament_package_xml)\n'}
[1.619057] (41068_ignition_bringup) StderrLine: {'line': b'  /opt/ros/humble/share/ament_lint_auto/cmake/ament_lint_auto_find_test_dependencies.cmake:31 (ament_package_xml)\n'}
[1.619138] (41068_ignition_bringup) StderrLine: {'line': b'  CMakeLists.txt:79 (ament_lint_auto_find_test_dependencies)\n'}
[1.619213] (41068_ignition_bringup) StderrLine: {'line': b'\n'}
[1.619289] (41068_ignition_bringup) StderrLine: {'line': b'\x1b[0m\n'}
[1.619366] (41068_ignition_bringup) StdoutLine: {'line': b'-- Configuring incomplete, errors occurred!\n'}
[1.619462] (41068_ignition_bringup) StdoutLine: {'line': b'See also "/home/student/git/TrailBotPro/ws/build/41068_ignition_bringup/CMakeFiles/CMakeOutput.log".\n'}
[1.635529] (41068_ignition_bringup) CommandEnded: {'returncode': 1}
[1.636528] (41068_ignition_bringup) JobEnded: {'identifier': '41068_ignition_bringup', 'rc': 1}
[1.647173] (-) EventReactorShutdown: {}
