<?xml version="1.0" encoding="UTF-8"?>
<testsuite name="41068_ignition_bringup" tests="1" failures="0" time="0.714" errors="1" skipped="0">
  <testcase classname="41068_ignition_bringup" name="cpplint.xunit.missing_result" time="0.714">
    <error message="The test did not generate a result file:&#10;&#10;/home/student/ros2_ws/src/TrailBotPro/build/41068_ignition_bringup/CMakeFiles/3.22.1/CompilerIdC/CMakeCCompilerId.c:0:  No copyright message found.  You should have a line: &quot;Copyright [year] &lt;Copyright Owner&gt;&quot;  [legal/copyright] [5]&#10;/home/student/ros2_ws/src/TrailBotPro/build/41068_ignition_bringup/CMakeFiles/3.22.1/CompilerIdC/CMakeCCompilerId.c:352:  Lines should be &lt;= 100 characters long  [whitespace/line_length] [2]&#10;/home/student/ros2_ws/src/TrailBotPro/build/41068_ignition_bringup/CMakeFiles/3.22.1/CompilerIdC/CMakeCCompilerId.c:368:  Lines should be &lt;= 100 characters long  [whitespace/line_length] [2]&#10;/home/student/ros2_ws/src/TrailBotPro/build/41068_ignition_bringup/CMakeFiles/3.22.1/CompilerIdC/CMakeCCompilerId.c:685:  Missing space after ,  [whitespace/comma] [3]&#10;/home/student/ros2_ws/src/TrailBotPro/build/41068_ignition_bringup/CMakeFiles/3.22.1/CompilerIdC/CMakeCCompilerId.c:696:  Missing space after ,  [whitespace/comma] [3]&#10;/home/student/ros2_ws/src/TrailBotPro/build/41068_ignition_bringup/CMakeFiles/3.22.1/CompilerIdC/CMakeCCompilerId.c:703:  Missing space after ,  [whitespace/comma] [3]&#10;/home/student/ros2_ws/src/TrailBotPro/build/41068_ignition_bringup/CMakeFiles/3.22.1/CompilerIdC/CMakeCCompilerId.c:704:  Missing space after ,  [whitespace/comma] [3]&#10;/home/student/ros2_ws/src/TrailBotPro/build/41068_ignition_bringup/CMakeFiles/3.22.1/CompilerIdC/CMakeCCompilerId.c:705:  Missing space after ,  [whitespace/comma] [3]&#10;/home/student/ros2_ws/src/TrailBotPro/build/41068_ignition_bringup/CMakeFiles/3.22.1/CompilerIdC/CMakeCCompilerId.c:707:  Lines should be &lt;= 100 characters long  [whitespace/line_length] [2]&#10;/home/student/ros2_ws/src/TrailBotPro/build/41068_ignition_bringup/CMakeFiles/3.22.1/CompilerIdC/CMakeCCompilerId.c:714:  Missing space after ,  [whitespace/comma] [3]&#10;/home/student/ros2_ws/src/TrailBotPro/build/41068_ignition_bringup/CMakeFiles/3.22.1/CompilerIdC/CMakeCCompilerId.c:725:  Missing space after ,  [whitespace/comma] [3]&#10;/home/student/ros2_ws/src/TrailBotPro/build/41068_ignition_bringup/CMakeFiles/3.22.1/CompilerIdCXX/CMakeCXXCompilerId.cpp:0:  No copyright message found.  You should have a line: &quot;Copyright [year] &lt;Copyright Owner&gt;&quot;  [legal/copyright] [5]&#10;/home/student/ros2_ws/src/TrailBotPro/build/41068_ignition_bringup/CMakeFiles/3.22.1/CompilerIdCXX/CMakeCXXCompilerId.cpp:350:  Lines should be &lt;= 100 characters long  [whitespace/line_length] [2]&#10;/home/student/ros2_ws/src/TrailBotPro/build/41068_ignition_bringup/CMakeFiles/3.22.1/CompilerIdCXX/CMakeCXXCompilerId.cpp:366:  Lines should be &lt;= 100 characters long  [whitespace/line_length] [2]&#10;/home/student/ros2_ws/src/TrailBotPro/build/41068_ignition_bringup/CMakeFiles/3.22.1/CompilerIdCXX/CMakeCXXCompilerId.cpp:670:  Missing space after ,  [whitespace/comma] [3]&#10;/home/student/ros2_ws/src/TrailBotPro/build/41068_ignition_bringup/CMakeFiles/3.22.1/CompilerIdCXX/CMakeCXXCompilerId.cpp:681:  Missing space after ,  [whitespace/comma] [3]&#10;/home/student/ros2_ws/src/TrailBotPro/build/41068_ignition_bringup/CMakeFiles/3.22.1/CompilerIdCXX/CMakeCXXCompilerId.cpp:688:  Missing space after ,  [whitespace/comma] [3]&#10;/home/student/ros2_ws/src/TrailBotPro/build/41068_ignition_bringup/CMakeFiles/3.22.1/CompilerIdCXX/CMakeCXXCompilerId.cpp:689:  Missing space after ,  [whitespace/comma] [3]&#10;/home/student/ros2_ws/src/TrailBotPro/build/41068_ignition_bringup/CMakeFiles/3.22.1/CompilerIdCXX/CMakeCXXCompilerId.cpp:690:  Missing space after ,  [whitespace/comma] [3]&#10;/home/student/ros2_ws/src/TrailBotPro/build/41068_ignition_bringup/CMakeFiles/3.22.1/CompilerIdCXX/CMakeCXXCompilerId.cpp:692:  Lines should be &lt;= 100 characters long  [whitespace/line_length] [2]&#10;/home/student/ros2_ws/src/TrailBotPro/build/41068_ignition_bringup/CMakeFiles/3.22.1/CompilerIdCXX/CMakeCXXCompilerId.cpp:699:  Missing space after ,  [whitespace/comma] [3]&#10;/home/student/ros2_ws/src/TrailBotPro/build/41068_ignition_bringup/CMakeFiles/3.22.1/CompilerIdCXX/CMakeCXXCompilerId.cpp:710:  Missing space after ,  [whitespace/comma] [3]&#10;/home/student/ros2_ws/src/TrailBotPro/build/CMakeFiles/3.22.1/CompilerIdC/CMakeCCompilerId.c:0:  No copyright message found.  You should have a line: &quot;Copyright [year] &lt;Copyright Owner&gt;&quot;  [legal/copyright] [5]&#10;/home/student/ros2_ws/src/TrailBotPro/build/CMakeFiles/3.22.1/CompilerIdC/CMakeCCompilerId.c:352:  Lines should be &lt;= 100 characters long  [whitespace/line_length] [2]&#10;/home/student/ros2_ws/src/TrailBotPro/build/CMakeFiles/3.22.1/CompilerIdC/CMakeCCompilerId.c:368:  Lines should be &lt;= 100 characters long  [whitespace/line_length] [2]&#10;/home/student/ros2_ws/src/TrailBotPro/build/CMakeFiles/3.22.1/CompilerIdC/CMakeCCompilerId.c:685:  Missing space after ,  [whitespace/comma] [3]&#10;/home/student/ros2_ws/src/TrailBotPro/build/CMakeFiles/3.22.1/CompilerIdC/CMakeCCompilerId.c:696:  Missing space after ,  [whitespace/comma] [3]&#10;/home/student/ros2_ws/src/TrailBotPro/build/CMakeFiles/3.22.1/CompilerIdC/CMakeCCompilerId.c:703:  Missing space after ,  [whitespace/comma] [3]&#10;/home/student/ros2_ws/src/TrailBotPro/build/CMakeFiles/3.22.1/CompilerIdC/CMakeCCompilerId.c:704:  Missing space after ,  [whitespace/comma] [3]&#10;/home/student/ros2_ws/src/TrailBotPro/build/CMakeFiles/3.22.1/CompilerIdC/CMakeCCompilerId.c:705:  Missing space after ,  [whitespace/comma] [3]&#10;/home/student/ros2_ws/src/TrailBotPro/build/CMakeFiles/3.22.1/CompilerIdC/CMakeCCompilerId.c:707:  Lines should be &lt;= 100 characters long  [whitespace/line_length] [2]&#10;/home/student/ros2_ws/src/TrailBotPro/build/CMakeFiles/3.22.1/CompilerIdC/CMakeCCompilerId.c:714:  Missing space after ,  [whitespace/comma] [3]&#10;/home/student/ros2_ws/src/TrailBotPro/build/CMakeFiles/3.22.1/CompilerIdC/CMakeCCompilerId.c:725:  Missing space after ,  [whitespace/comma] [3]&#10;/home/student/ros2_ws/src/TrailBotPro/build/CMakeFiles/3.22.1/CompilerIdCXX/CMakeCXXCompilerId.cpp:0:  No copyright message found.  You should have a line: &quot;Copyright [year] &lt;Copyright Owner&gt;&quot;  [legal/copyright] [5]&#10;/home/student/ros2_ws/src/TrailBotPro/build/CMakeFiles/3.22.1/CompilerIdCXX/CMakeCXXCompilerId.cpp:350:  Lines should be &lt;= 100 characters long  [whitespace/line_length] [2]&#10;/home/student/ros2_ws/src/TrailBotPro/build/CMakeFiles/3.22.1/CompilerIdCXX/CMakeCXXCompilerId.cpp:366:  Lines should be &lt;= 100 characters long  [whitespace/line_length] [2]&#10;/home/student/ros2_ws/src/TrailBotPro/build/CMakeFiles/3.22.1/CompilerIdCXX/CMakeCXXCompilerId.cpp:670:  Missing space after ,  [whitespace/comma] [3]&#10;/home/student/ros2_ws/src/TrailBotPro/build/CMakeFiles/3.22.1/CompilerIdCXX/CMakeCXXCompilerId.cpp:681:  Missing space after ,  [whitespace/comma] [3]&#10;/home/student/ros2_ws/src/TrailBotPro/build/CMakeFiles/3.22.1/CompilerIdCXX/CMakeCXXCompilerId.cpp:688:  Missing space after ,  [whitespace/comma] [3]&#10;/home/student/ros2_ws/src/TrailBotPro/build/CMakeFiles/3.22.1/CompilerIdCXX/CMakeCXXCompilerId.cpp:689:  Missing space after ,  [whitespace/comma] [3]&#10;/home/student/ros2_ws/src/TrailBotPro/build/CMakeFiles/3.22.1/CompilerIdCXX/CMakeCXXCompilerId.cpp:690:  Missing space after ,  [whitespace/comma] [3]&#10;/home/student/ros2_ws/src/TrailBotPro/build/CMakeFiles/3.22.1/CompilerIdCXX/CMakeCXXCompilerId.cpp:692:  Lines should be &lt;= 100 characters long  [whitespace/line_length] [2]&#10;/home/student/ros2_ws/src/TrailBotPro/build/CMakeFiles/3.22.1/CompilerIdCXX/CMakeCXXCompilerId.cpp:699:  Missing space after ,  [whitespace/comma] [3]&#10;/home/student/ros2_ws/src/TrailBotPro/build/CMakeFiles/3.22.1/CompilerIdCXX/CMakeCXXCompilerId.cpp:710:  Missing space after ,  [whitespace/comma] [3]&#10;/home/student/ros2_ws/src/TrailBotPro/src/drone_controller.cpp:0:  No copyright message found.  You should have a line: &quot;Copyright [year] &lt;Copyright Owner&gt;&quot;  [legal/copyright] [5]&#10;/home/student/ros2_ws/src/TrailBotPro/src/drone_controller.cpp:None:  src/drone_controller.cpp should include its header file src/drone_controller.h  [build/include] [5]&#10;/home/student/ros2_ws/src/TrailBotPro/src/drone_controller.h:0:  No copyright message found.  You should have a line: &quot;Copyright [year] &lt;Copyright Owner&gt;&quot;  [legal/copyright] [5]&#10;/home/student/ros2_ws/src/TrailBotPro/src/drone_controller.h:0:  No #ifndef header guard found, suggested CPP variable is: DRONE_CONTROLLER_H_  [build/header_guard] [5]&#10;/home/student/ros2_ws/src/TrailBotPro/src/mission_interface.cpp:0:  No copyright message found.  You should have a line: &quot;Copyright [year] &lt;Copyright Owner&gt;&quot;  [legal/copyright] [5]&#10;/home/student/ros2_ws/src/TrailBotPro/src/mission_interface.cpp:8:  Include the directory when naming .h files  [build/include_subdir] [4]&#10;/home/student/ros2_ws/src/TrailBotPro/src/mission_interface.cpp:9:  Include the directory when naming .h files  [build/include_subdir] [4]&#10;/home/student/ros2_ws/src/TrailBotPro/src/mission_interface.cpp:68:  Lines should be &lt;= 100 characters long  [whitespace/line_length] [2]&#10;/home/student/ros2_ws/src/TrailBotPro/src/mission_interface.cpp:90:  At least two spaces is best between code and comments  [whitespace/comments] [2]&#10;/home/student/ros2_ws/src/TrailBotPro/src/mission_interface.h:0:  No copyright message found.  You should have a line: &quot;Copyright [year] &lt;Copyright Owner&gt;&quot;  [legal/copyright] [5]&#10;/home/student/ros2_ws/src/TrailBotPro/src/rover_controller.cpp:0:  No copyright message found.  You should have a line: &quot;Copyright [year] &lt;Copyright Owner&gt;&quot;  [legal/copyright] [5]&#10;/home/student/ros2_ws/src/TrailBotPro/src/rover_controller.cpp:3:  Include the directory when naming .h files  [build/include_subdir] [4]&#10;/home/student/ros2_ws/src/TrailBotPro/src/rover_controller.cpp:60:  At least two spaces is best between code and comments  [whitespace/comments] [2]&#10;/home/student/ros2_ws/src/TrailBotPro/src/rover_controller.h:0:  No copyright message found.  You should have a line: &quot;Copyright [year] &lt;Copyright Owner&gt;&quot;  [legal/copyright] [5]&#10;/home/student/ros2_ws/src/TrailBotPro/src/rover_controller.h:19:  Lines should be &lt;= 100 characters long  [whitespace/line_length] [2]&#10;Category 'build/header_guard' errors found: 1&#10;Category 'build/include' errors found: 1&#10;Category 'build/include_subdir' errors found: 3&#10;Category 'legal/copyright' errors found: 10&#10;Category 'whitespace/comma' errors found: 28&#10;Category 'whitespace/comments' errors found: 2&#10;Category 'whitespace/line_length' errors found: 14&#10;Total errors found: 59&#10;Using '--root=..' argument&#10;&#10;Done processing /home/student/ros2_ws/src/TrailBotPro/build/41068_ignition_bringup/CMakeFiles/3.22.1/CompilerIdC/CMakeCCompilerId.c&#10;&#10;Done processing /home/student/ros2_ws/src/TrailBotPro/build/41068_ignition_bringup/CMakeFiles/3.22.1/CompilerIdCXX/CMakeCXXCompilerId.cpp&#10;&#10;Done processing /home/student/ros2_ws/src/TrailBotPro/build/CMakeFiles/3.22.1/CompilerIdC/CMakeCCompilerId.c&#10;&#10;Done processing /home/student/ros2_ws/src/TrailBotPro/build/CMakeFiles/3.22.1/CompilerIdCXX/CMakeCXXCompilerId.cpp&#10;&#10;Using '--root=/home/student/ros2_ws/src/TrailBotPro/src' argument&#10;&#10;Done processing /home/student/ros2_ws/src/TrailBotPro/src/drone_controller.cpp&#10;&#10;Done processing /home/student/ros2_ws/src/TrailBotPro/src/drone_controller.h&#10;&#10;Done processing /home/student/ros2_ws/src/TrailBotPro/src/mission_interface.cpp&#10;&#10;Done processing /home/student/ros2_ws/src/TrailBotPro/src/mission_interface.h&#10;&#10;Done processing /home/student/ros2_ws/src/TrailBotPro/src/rover_controller.cpp&#10;&#10;Done processing /home/student/ros2_ws/src/TrailBotPro/src/rover_controller.h&#10;&#10;Traceback (most recent call last):&#10;  File &quot;/opt/ros/humble/bin/ament_cpplint&quot;, line 33, in &lt;module&gt;&#10;    sys.exit(load_entry_point('ament-cpplint==0.12.14', 'console_scripts', 'ament_cpplint')())&#10;  File &quot;/opt/ros/humble/lib/python3.10/site-packages/ament_cpplint/main.py&quot;, line 197, in main&#10;    xml = get_xunit_content(report, testname, time.time() - start_time)&#10;  File &quot;/opt/ros/humble/lib/python3.10/site-packages/ament_cpplint/main.py&quot;, line 310, in get_xunit_content&#10;    '%s [%s] (%s:%d)' % (&#10;TypeError: %d format: a real number is required, not NoneType&#10;"/>
  </testcase>
</testsuite>
